matrixcalc_AMD64 @ ULTRON:  ----------
                            Infos #: 0
                            ----------

matrixcalc_AMD64 @ ULTRON:  -------------
                            WARNINGS #: 0
                            -------------

matrixcalc_AMD64 @ ULTRON:  -----------
                            ERRORS #: 0
                            -----------

matrixcalc_AMD64 @ ULTRON:  ----------
                            Infos #: 0
                            ----------

matrixcalc_AMD64 @ ULTRON:  -------------
                            WARNINGS #: 0
                            -------------

matrixcalc_AMD64 @ ULTRON:  -----------
                            ERRORS #: 0
                            -----------

matrixcalc_AMD64 @ ULTRON:  ----------
                            Infos #: 0
                            ----------

matrixcalc_AMD64 @ ULTRON:  -------------
                            WARNINGS #: 0
                            -------------

matrixcalc_AMD64 @ ULTRON:  -----------
                            ERRORS #: 0
                            -----------

matrixcalc_AMD64 @ ULTRON:  ----------
                            Infos #: 0
                            ----------

matrixcalc_AMD64 @ ULTRON:  -------------
                            WARNINGS #: 0
                            -------------

matrixcalc_AMD64 @ ULTRON:  -----------
                            ERRORS #: 0
                            -----------

